
Nov 20 22:40:39 demps-production demps[70]: Load configuration from /sim/valdivia-test.config
Nov 20 22:40:39 demps-production demps[70]: 

	****************************
	*  Starting new simulation *
	****************************

Nov 20 22:40:39 demps-production demps[70]: Revisando estructura del archivo de zonas:
	 '/sim/input/valdivia-test/zone00.geojson' ... OK
Nov 20 22:40:39 demps-production demps[70]: Simmulation parameters:
	Description  : 
		
	Agents:
		Output enable: true
		residents    : 15000
		visitors     : 0
	SamplingLevel: 0.5
Flood model:
	Enable: false
Density model:
	Enable: false
Panic model:
	Enable :false
Elevation model:
	Enable :false
Debris model:
	Enable :false

Nov 20 22:40:39 demps-production demps[70]: ####### Deleting previous results #######
####### /sim/output/valdivia-test/
Nov 20 22:40:39 demps-production demps[70]: Path to agents directory:
	/sim/output/valdivia-test/agents/
	no exist. Creating.
Nov 20 22:40:39 demps-production demps[70]: Path to heatMap directory:
	/sim/output/valdivia-test/heatMaps/
	no exist. Creating.
Nov 20 22:40:39 demps-production demps[70]: Path to debris directory:
	 /sim/output/valdivia-test/debrisState
	no exist. Creating.
Nov 20 22:40:39 demps-production demps[70]: Path to stats directory:
	/sim/output/valdivia-test/stats/
	no exist. Creating.
Nov 20 22:40:39 demps-production demps[70]: Path to animation directory:
	/sim/output/valdivia-test/animation/
	no exist. Creating.
Nov 20 22:40:42 demps-production demps[70]: floodParams:
	enable               : false
	arrivalTime     (s)  : -1500
	speedWaterLevel (m/s): 0.006
	speedWaterProp  (m/s): 0.75
	criticalLevel   (m)  : 1
	minSpeedFactor  [0,1]: 0.3
Nov 20 22:40:42 demps-production demps[70]: Creando patch agentes...
Nov 20 22:40:42 demps-production demps[70]: Revisando mapa:
	Creando zona inicial: init00
	Creando zona segura: safe00

Nov 20 22:40:42 demps-production demps[70]: Creando agentes...
Nov 20 22:40:43 demps-production demps[70]: Ajustando posición inicial de los agentes...
Nov 20 22:40:44 demps-production demps[70]: Determinando patch agents que contienen calles... 
Nov 20 22:40:44 demps-production demps[70]: Ajustando reglas de los agentes... 
Nov 20 22:40:48 demps-production demps[70]: Simulando...
Nov 20 22:40:49 demps-production demps[70]: Tick = 10 / 3500 [0.29%]...
Nov 20 22:40:49 demps-production demps[70]: Tick = 20 / 3500 [0.57%]...
Nov 20 22:40:49 demps-production demps[70]: Tick = 30 / 3500 [0.86%]...
Nov 20 22:40:49 demps-production demps[70]: Tick = 40 / 3500 [1.14%]...
Nov 20 22:40:49 demps-production demps[70]: Tick = 50 / 3500 [1.43%]...
Nov 20 22:40:49 demps-production demps[70]: Tick = 60 / 3500 [1.71%]...
Nov 20 22:40:49 demps-production demps[70]: Tick = 70 / 3500 [2.00%]...
Nov 20 22:40:49 demps-production demps[70]: Tick = 80 / 3500 [2.29%]...
Nov 20 22:40:50 demps-production demps[70]: Tick = 90 / 3500 [2.57%]...
Nov 20 22:40:50 demps-production demps[70]: Tick = 100 / 3500 [2.86%]...
Nov 20 22:40:50 demps-production demps[70]: Tick = 110 / 3500 [3.14%]...
Nov 20 22:40:50 demps-production demps[70]: Tick = 120 / 3500 [3.43%]...
Nov 20 22:40:50 demps-production demps[70]: Tick = 130 / 3500 [3.71%]...
Nov 20 22:40:50 demps-production demps[70]: Tick = 140 / 3500 [4.00%]...
Nov 20 22:40:51 demps-production demps[70]: Tick = 150 / 3500 [4.29%]...
Nov 20 22:40:51 demps-production demps[70]: Tick = 160 / 3500 [4.57%]...
Nov 20 22:40:51 demps-production demps[70]: Tick = 170 / 3500 [4.86%]...
Nov 20 22:40:51 demps-production demps[70]: Tick = 180 / 3500 [5.14%]...
Nov 20 22:40:51 demps-production demps[70]: Tick = 190 / 3500 [5.43%]...
Nov 20 22:40:52 demps-production demps[70]: Tick = 200 / 3500 [5.71%]...
Nov 20 22:40:52 demps-production demps[70]: Tick = 210 / 3500 [6.00%]...
Nov 20 22:40:52 demps-production demps[70]: Tick = 220 / 3500 [6.29%]...
Nov 20 22:40:52 demps-production demps[70]: Tick = 230 / 3500 [6.57%]...
Nov 20 22:40:53 demps-production demps[70]: Tick = 240 / 3500 [6.86%]...
Nov 20 22:40:53 demps-production demps[70]: Tick = 250 / 3500 [7.14%]...
Nov 20 22:40:53 demps-production demps[70]: Tick = 260 / 3500 [7.43%]...
Nov 20 22:40:53 demps-production demps[70]: Tick = 270 / 3500 [7.71%]...
Nov 20 22:40:53 demps-production demps[70]: Tick = 280 / 3500 [8.00%]...
Nov 20 22:40:54 demps-production demps[70]: Tick = 290 / 3500 [8.29%]...
Nov 20 22:40:54 demps-production demps[70]: Tick = 300 / 3500 [8.57%]...
Nov 20 22:40:54 demps-production demps[70]: Tick = 310 / 3500 [8.86%]...
Nov 20 22:40:54 demps-production demps[70]: Tick = 320 / 3500 [9.14%]...
Nov 20 22:40:54 demps-production demps[70]: Tick = 330 / 3500 [9.43%]...
Nov 20 22:40:55 demps-production demps[70]: Tick = 340 / 3500 [9.71%]...
Nov 20 22:40:55 demps-production demps[70]: Tick = 350 / 3500 [10.00%]...
Nov 20 22:40:55 demps-production demps[70]: Tick = 360 / 3500 [10.29%]...
Nov 20 22:40:55 demps-production demps[70]: Tick = 370 / 3500 [10.57%]...
Nov 20 22:40:56 demps-production demps[70]: Tick = 380 / 3500 [10.86%]...
Nov 20 22:40:56 demps-production demps[70]: Tick = 390 / 3500 [11.14%]...
Nov 20 22:40:56 demps-production demps[70]: Tick = 400 / 3500 [11.43%]...
Nov 20 22:40:56 demps-production demps[70]: Tick = 410 / 3500 [11.71%]...
Nov 20 22:40:57 demps-production demps[70]: Tick = 420 / 3500 [12.00%]...
Nov 20 22:40:57 demps-production demps[70]: Tick = 430 / 3500 [12.29%]...
Nov 20 22:40:57 demps-production demps[70]: Tick = 440 / 3500 [12.57%]...
Nov 20 22:40:57 demps-production demps[70]: Tick = 450 / 3500 [12.86%]...
Nov 20 22:40:57 demps-production demps[70]: Tick = 460 / 3500 [13.14%]...
Nov 20 22:40:58 demps-production demps[70]: Tick = 470 / 3500 [13.43%]...
Nov 20 22:40:58 demps-production demps[70]: Tick = 480 / 3500 [13.71%]...
Nov 20 22:40:58 demps-production demps[70]: Tick = 490 / 3500 [14.00%]...
Nov 20 22:40:58 demps-production demps[70]: Tick = 500 / 3500 [14.29%]...
Nov 20 22:40:59 demps-production demps[70]: Tick = 510 / 3500 [14.57%]...
Nov 20 22:40:59 demps-production demps[70]: Tick = 520 / 3500 [14.86%]...
Nov 20 22:40:59 demps-production demps[70]: Tick = 530 / 3500 [15.14%]...
Nov 20 22:40:59 demps-production demps[70]: Tick = 540 / 3500 [15.43%]...
Nov 20 22:41:00 demps-production demps[70]: Tick = 550 / 3500 [15.71%]...
Nov 20 22:41:00 demps-production demps[70]: Tick = 560 / 3500 [16.00%]...
Nov 20 22:41:00 demps-production demps[70]: Tick = 570 / 3500 [16.29%]...
Nov 20 22:41:00 demps-production demps[70]: Tick = 580 / 3500 [16.57%]...
Nov 20 22:41:00 demps-production demps[70]: Tick = 590 / 3500 [16.86%]...
Nov 20 22:41:01 demps-production demps[70]: Tick = 600 / 3500 [17.14%]...
Nov 20 22:41:01 demps-production demps[70]: Tick = 610 / 3500 [17.43%]...
Nov 20 22:41:01 demps-production demps[70]: Tick = 620 / 3500 [17.71%]...
Nov 20 22:41:01 demps-production demps[70]: Tick = 630 / 3500 [18.00%]...
Nov 20 22:41:02 demps-production demps[70]: Tick = 640 / 3500 [18.29%]...
Nov 20 22:41:02 demps-production demps[70]: Tick = 650 / 3500 [18.57%]...
Nov 20 22:41:02 demps-production demps[70]: Tick = 660 / 3500 [18.86%]...
Nov 20 22:41:02 demps-production demps[70]: Tick = 670 / 3500 [19.14%]...
Nov 20 22:41:02 demps-production demps[70]: Tick = 680 / 3500 [19.43%]...
Nov 20 22:41:03 demps-production demps[70]: Tick = 690 / 3500 [19.71%]...
Nov 20 22:41:03 demps-production demps[70]: Tick = 700 / 3500 [20.00%]...
Nov 20 22:41:03 demps-production demps[70]: Tick = 710 / 3500 [20.29%]...
Nov 20 22:41:03 demps-production demps[70]: Tick = 720 / 3500 [20.57%]...
Nov 20 22:41:04 demps-production demps[70]: Tick = 730 / 3500 [20.86%]...
Nov 20 22:41:04 demps-production demps[70]: Tick = 740 / 3500 [21.14%]...
Nov 20 22:41:04 demps-production demps[70]: Tick = 750 / 3500 [21.43%]...
Nov 20 22:41:04 demps-production demps[70]: Tick = 760 / 3500 [21.71%]...
Nov 20 22:41:04 demps-production demps[70]: Tick = 770 / 3500 [22.00%]...
Nov 20 22:41:05 demps-production demps[70]: Tick = 780 / 3500 [22.29%]...
Nov 20 22:41:05 demps-production demps[70]: Tick = 790 / 3500 [22.57%]...
Nov 20 22:41:05 demps-production demps[70]: Tick = 800 / 3500 [22.86%]...
Nov 20 22:41:05 demps-production demps[70]: Tick = 810 / 3500 [23.14%]...
Nov 20 22:41:05 demps-production demps[70]: Tick = 820 / 3500 [23.43%]...
Nov 20 22:41:06 demps-production demps[70]: Tick = 830 / 3500 [23.71%]...
Nov 20 22:41:06 demps-production demps[70]: Tick = 840 / 3500 [24.00%]...
Nov 20 22:41:06 demps-production demps[70]: Tick = 850 / 3500 [24.29%]...
Nov 20 22:41:06 demps-production demps[70]: Tick = 860 / 3500 [24.57%]...
Nov 20 22:41:07 demps-production demps[70]: Tick = 870 / 3500 [24.86%]...
Nov 20 22:41:07 demps-production demps[70]: Tick = 880 / 3500 [25.14%]...
Nov 20 22:41:07 demps-production demps[70]: Tick = 890 / 3500 [25.43%]...
Nov 20 22:41:07 demps-production demps[70]: Tick = 900 / 3500 [25.71%]...
Nov 20 22:41:07 demps-production demps[70]: Tick = 910 / 3500 [26.00%]...
Nov 20 22:41:08 demps-production demps[70]: Tick = 920 / 3500 [26.29%]...
Nov 20 22:41:08 demps-production demps[70]: Tick = 930 / 3500 [26.57%]...
Nov 20 22:41:08 demps-production demps[70]: Tick = 940 / 3500 [26.86%]...
Nov 20 22:41:08 demps-production demps[70]: Tick = 950 / 3500 [27.14%]...
Nov 20 22:41:09 demps-production demps[70]: Tick = 960 / 3500 [27.43%]...
Nov 20 22:41:09 demps-production demps[70]: Tick = 970 / 3500 [27.71%]...
Nov 20 22:41:09 demps-production demps[70]: Tick = 980 / 3500 [28.00%]...
Nov 20 22:41:09 demps-production demps[70]: Tick = 990 / 3500 [28.29%]...
Nov 20 22:41:09 demps-production demps[70]: Tick = 1000 / 3500 [28.57%]...
Nov 20 22:41:10 demps-production demps[70]: Tick = 1010 / 3500 [28.86%]...
Nov 20 22:41:10 demps-production demps[70]: Tick = 1020 / 3500 [29.14%]...
Nov 20 22:41:10 demps-production demps[70]: Tick = 1030 / 3500 [29.43%]...
Nov 20 22:41:10 demps-production demps[70]: Tick = 1040 / 3500 [29.71%]...
Nov 20 22:41:11 demps-production demps[70]: Tick = 1050 / 3500 [30.00%]...
Nov 20 22:41:11 demps-production demps[70]: Tick = 1060 / 3500 [30.29%]...
Nov 20 22:41:11 demps-production demps[70]: Tick = 1070 / 3500 [30.57%]...
Nov 20 22:41:11 demps-production demps[70]: Tick = 1080 / 3500 [30.86%]...
Nov 20 22:41:11 demps-production demps[70]: Tick = 1090 / 3500 [31.14%]...
Nov 20 22:41:12 demps-production demps[70]: Tick = 1100 / 3500 [31.43%]...
Nov 20 22:41:12 demps-production demps[70]: Tick = 1110 / 3500 [31.71%]...
Nov 20 22:41:12 demps-production demps[70]: Tick = 1120 / 3500 [32.00%]...
Nov 20 22:41:12 demps-production demps[70]: Tick = 1130 / 3500 [32.29%]...
Nov 20 22:41:13 demps-production demps[70]: Tick = 1140 / 3500 [32.57%]...
Nov 20 22:41:13 demps-production demps[70]: Tick = 1150 / 3500 [32.86%]...
Nov 20 22:41:13 demps-production demps[70]: Tick = 1160 / 3500 [33.14%]...
Nov 20 22:41:13 demps-production demps[70]: Tick = 1170 / 3500 [33.43%]...
Nov 20 22:41:13 demps-production demps[70]: Tick = 1180 / 3500 [33.71%]...
Nov 20 22:41:14 demps-production demps[70]: Tick = 1190 / 3500 [34.00%]...
Nov 20 22:41:14 demps-production demps[70]: Tick = 1200 / 3500 [34.29%]...
Nov 20 22:41:14 demps-production demps[70]: Tick = 1210 / 3500 [34.57%]...
Nov 20 22:41:14 demps-production demps[70]: Tick = 1220 / 3500 [34.86%]...
Nov 20 22:41:14 demps-production demps[70]: Tick = 1230 / 3500 [35.14%]...
Nov 20 22:41:15 demps-production demps[70]: Tick = 1240 / 3500 [35.43%]...
Nov 20 22:41:15 demps-production demps[70]: Tick = 1250 / 3500 [35.71%]...
Nov 20 22:41:15 demps-production demps[70]: Tick = 1260 / 3500 [36.00%]...
Nov 20 22:41:15 demps-production demps[70]: Tick = 1270 / 3500 [36.29%]...
Nov 20 22:41:16 demps-production demps[70]: Tick = 1280 / 3500 [36.57%]...
Nov 20 22:41:16 demps-production demps[70]: Tick = 1290 / 3500 [36.86%]...
Nov 20 22:41:16 demps-production demps[70]: Tick = 1300 / 3500 [37.14%]...
Nov 20 22:41:16 demps-production demps[70]: Tick = 1310 / 3500 [37.43%]...
Nov 20 22:41:16 demps-production demps[70]: Tick = 1320 / 3500 [37.71%]...
Nov 20 22:41:17 demps-production demps[70]: Tick = 1330 / 3500 [38.00%]...
Nov 20 22:41:17 demps-production demps[70]: Tick = 1340 / 3500 [38.29%]...
Nov 20 22:41:17 demps-production demps[70]: Tick = 1350 / 3500 [38.57%]...
Nov 20 22:41:17 demps-production demps[70]: Tick = 1360 / 3500 [38.86%]...
Nov 20 22:41:17 demps-production demps[70]: Tick = 1370 / 3500 [39.14%]...
Nov 20 22:41:18 demps-production demps[70]: Tick = 1380 / 3500 [39.43%]...
Nov 20 22:41:18 demps-production demps[70]: Tick = 1390 / 3500 [39.71%]...
Nov 20 22:41:18 demps-production demps[70]: Tick = 1400 / 3500 [40.00%]...
Nov 20 22:41:18 demps-production demps[70]: Tick = 1410 / 3500 [40.29%]...
Nov 20 22:41:19 demps-production demps[70]: Tick = 1420 / 3500 [40.57%]...
Nov 20 22:41:19 demps-production demps[70]: Tick = 1430 / 3500 [40.86%]...
Nov 20 22:41:19 demps-production demps[70]: Tick = 1440 / 3500 [41.14%]...
Nov 20 22:41:19 demps-production demps[70]: Tick = 1450 / 3500 [41.43%]...
Nov 20 22:41:19 demps-production demps[70]: Tick = 1460 / 3500 [41.71%]...
Nov 20 22:41:20 demps-production demps[70]: Tick = 1470 / 3500 [42.00%]...
Nov 20 22:41:20 demps-production demps[70]: Tick = 1480 / 3500 [42.29%]...
Nov 20 22:41:20 demps-production demps[70]: Tick = 1490 / 3500 [42.57%]...
Nov 20 22:41:20 demps-production demps[70]: Tick = 1500 / 3500 [42.86%]...
Nov 20 22:41:21 demps-production demps[70]: Tick = 1510 / 3500 [43.14%]...
Nov 20 22:41:21 demps-production demps[70]: Tick = 1520 / 3500 [43.43%]...
Nov 20 22:41:21 demps-production demps[70]: Tick = 1530 / 3500 [43.71%]...
Nov 20 22:41:21 demps-production demps[70]: Tick = 1540 / 3500 [44.00%]...
Nov 20 22:41:21 demps-production demps[70]: Tick = 1550 / 3500 [44.29%]...
Nov 20 22:41:22 demps-production demps[70]: Tick = 1560 / 3500 [44.57%]...
Nov 20 22:41:22 demps-production demps[70]: Tick = 1570 / 3500 [44.86%]...
Nov 20 22:41:22 demps-production demps[70]: Tick = 1580 / 3500 [45.14%]...
Nov 20 22:41:22 demps-production demps[70]: Tick = 1590 / 3500 [45.43%]...
Nov 20 22:41:23 demps-production demps[70]: Tick = 1600 / 3500 [45.71%]...
Nov 20 22:41:23 demps-production demps[70]: Tick = 1610 / 3500 [46.00%]...
Nov 20 22:41:23 demps-production demps[70]: Tick = 1620 / 3500 [46.29%]...
Nov 20 22:41:23 demps-production demps[70]: Tick = 1630 / 3500 [46.57%]...
Nov 20 22:41:23 demps-production demps[70]: Tick = 1640 / 3500 [46.86%]...
Nov 20 22:41:24 demps-production demps[70]: Tick = 1650 / 3500 [47.14%]...
Nov 20 22:41:24 demps-production demps[70]: Tick = 1660 / 3500 [47.43%]...
Nov 20 22:41:24 demps-production demps[70]: Tick = 1670 / 3500 [47.71%]...
Nov 20 22:41:24 demps-production demps[70]: Tick = 1680 / 3500 [48.00%]...
Nov 20 22:41:24 demps-production demps[70]: Tick = 1690 / 3500 [48.29%]...
Nov 20 22:41:25 demps-production demps[70]: Tick = 1700 / 3500 [48.57%]...
Nov 20 22:41:25 demps-production demps[70]: Tick = 1710 / 3500 [48.86%]...
Nov 20 22:41:25 demps-production demps[70]: Tick = 1720 / 3500 [49.14%]...
Nov 20 22:41:25 demps-production demps[70]: Tick = 1730 / 3500 [49.43%]...
Nov 20 22:41:26 demps-production demps[70]: Tick = 1740 / 3500 [49.71%]...
Nov 20 22:41:26 demps-production demps[70]: Tick = 1750 / 3500 [50.00%]...
Nov 20 22:41:26 demps-production demps[70]: Tick = 1760 / 3500 [50.29%]...
Nov 20 22:41:26 demps-production demps[70]: Tick = 1770 / 3500 [50.57%]...
Nov 20 22:41:26 demps-production demps[70]: Tick = 1780 / 3500 [50.86%]...
Nov 20 22:41:27 demps-production demps[70]: Tick = 1790 / 3500 [51.14%]...
Nov 20 22:41:27 demps-production demps[70]: Tick = 1800 / 3500 [51.43%]...
Nov 20 22:41:27 demps-production demps[70]: Tick = 1810 / 3500 [51.71%]...
Nov 20 22:41:27 demps-production demps[70]: Tick = 1820 / 3500 [52.00%]...
Nov 20 22:41:27 demps-production demps[70]: Tick = 1830 / 3500 [52.29%]...
Nov 20 22:41:28 demps-production demps[70]: Tick = 1840 / 3500 [52.57%]...
Nov 20 22:41:28 demps-production demps[70]: Tick = 1850 / 3500 [52.86%]...
Nov 20 22:41:28 demps-production demps[70]: Tick = 1860 / 3500 [53.14%]...
Nov 20 22:41:28 demps-production demps[70]: Tick = 1870 / 3500 [53.43%]...
Nov 20 22:41:28 demps-production demps[70]: Tick = 1880 / 3500 [53.71%]...
Nov 20 22:41:29 demps-production demps[70]: Tick = 1890 / 3500 [54.00%]...
Nov 20 22:41:29 demps-production demps[70]: Tick = 1900 / 3500 [54.29%]...
Nov 20 22:41:29 demps-production demps[70]: Tick = 1910 / 3500 [54.57%]...
Nov 20 22:41:29 demps-production demps[70]: Tick = 1920 / 3500 [54.86%]...
Nov 20 22:41:29 demps-production demps[70]: Tick = 1930 / 3500 [55.14%]...
Nov 20 22:41:29 demps-production demps[70]: Tick = 1940 / 3500 [55.43%]...
Nov 20 22:41:30 demps-production demps[70]: Tick = 1950 / 3500 [55.71%]...
Nov 20 22:41:30 demps-production demps[70]: Tick = 1960 / 3500 [56.00%]...
Nov 20 22:41:30 demps-production demps[70]: Tick = 1970 / 3500 [56.29%]...
Nov 20 22:41:30 demps-production demps[70]: Tick = 1980 / 3500 [56.57%]...
Nov 20 22:41:30 demps-production demps[70]: Tick = 1990 / 3500 [56.86%]...
Nov 20 22:41:31 demps-production demps[70]: Tick = 2000 / 3500 [57.14%]...
Nov 20 22:41:31 demps-production demps[70]: Tick = 2010 / 3500 [57.43%]...
Nov 20 22:41:31 demps-production demps[70]: Tick = 2020 / 3500 [57.71%]...
Nov 20 22:41:31 demps-production demps[70]: Tick = 2030 / 3500 [58.00%]...
Nov 20 22:41:31 demps-production demps[70]: Tick = 2040 / 3500 [58.29%]...
Nov 20 22:41:31 demps-production demps[70]: Tick = 2050 / 3500 [58.57%]...
Nov 20 22:41:32 demps-production demps[70]: Tick = 2060 / 3500 [58.86%]...
Nov 20 22:41:32 demps-production demps[70]: Tick = 2070 / 3500 [59.14%]...
Nov 20 22:41:32 demps-production demps[70]: Tick = 2080 / 3500 [59.43%]...
Nov 20 22:41:32 demps-production demps[70]: Tick = 2090 / 3500 [59.71%]...
Nov 20 22:41:32 demps-production demps[70]: Tick = 2100 / 3500 [60.00%]...
Nov 20 22:41:32 demps-production demps[70]: Tick = 2110 / 3500 [60.29%]...
Nov 20 22:41:32 demps-production demps[70]: Tick = 2120 / 3500 [60.57%]...
Nov 20 22:41:33 demps-production demps[70]: Tick = 2130 / 3500 [60.86%]...
Nov 20 22:41:33 demps-production demps[70]: Tick = 2140 / 3500 [61.14%]...
Nov 20 22:41:33 demps-production demps[70]: Tick = 2150 / 3500 [61.43%]...
Nov 20 22:41:33 demps-production demps[70]: Tick = 2160 / 3500 [61.71%]...
Nov 20 22:41:33 demps-production demps[70]: Tick = 2170 / 3500 [62.00%]...
Nov 20 22:41:33 demps-production demps[70]: Tick = 2180 / 3500 [62.29%]...
Nov 20 22:41:34 demps-production demps[70]: Tick = 2190 / 3500 [62.57%]...
Nov 20 22:41:34 demps-production demps[70]: Tick = 2200 / 3500 [62.86%]...
Nov 20 22:41:34 demps-production demps[70]: Tick = 2210 / 3500 [63.14%]...
Nov 20 22:41:34 demps-production demps[70]: Tick = 2220 / 3500 [63.43%]...
Nov 20 22:41:34 demps-production demps[70]: Tick = 2230 / 3500 [63.71%]...
Nov 20 22:41:34 demps-production demps[70]: Tick = 2240 / 3500 [64.00%]...
Nov 20 22:41:34 demps-production demps[70]: Tick = 2250 / 3500 [64.29%]...
Nov 20 22:41:35 demps-production demps[70]: Tick = 2260 / 3500 [64.57%]...
Nov 20 22:41:35 demps-production demps[70]: Tick = 2270 / 3500 [64.86%]...
Nov 20 22:41:35 demps-production demps[70]: Tick = 2280 / 3500 [65.14%]...
Nov 20 22:41:35 demps-production demps[70]: Tick = 2290 / 3500 [65.43%]...
Nov 20 22:41:35 demps-production demps[70]: Tick = 2300 / 3500 [65.71%]...
Nov 20 22:41:35 demps-production demps[70]: Tick = 2310 / 3500 [66.00%]...
Nov 20 22:41:35 demps-production demps[70]: Tick = 2320 / 3500 [66.29%]...
Nov 20 22:41:36 demps-production demps[70]: Tick = 2330 / 3500 [66.57%]...
Nov 20 22:41:36 demps-production demps[70]: Tick = 2340 / 3500 [66.86%]...
Nov 20 22:41:36 demps-production demps[70]: Tick = 2350 / 3500 [67.14%]...
Nov 20 22:41:36 demps-production demps[70]: Tick = 2360 / 3500 [67.43%]...
Nov 20 22:41:36 demps-production demps[70]: Tick = 2370 / 3500 [67.71%]...
Nov 20 22:41:36 demps-production demps[70]: Tick = 2380 / 3500 [68.00%]...
Nov 20 22:41:36 demps-production demps[70]: Tick = 2390 / 3500 [68.29%]...
Nov 20 22:41:36 demps-production demps[70]: Tick = 2400 / 3500 [68.57%]...
Nov 20 22:41:37 demps-production demps[70]: Tick = 2410 / 3500 [68.86%]...
Nov 20 22:41:37 demps-production demps[70]: Tick = 2420 / 3500 [69.14%]...
Nov 20 22:41:37 demps-production demps[70]: Tick = 2430 / 3500 [69.43%]...
Nov 20 22:41:37 demps-production demps[70]: Tick = 2440 / 3500 [69.71%]...
Nov 20 22:41:37 demps-production demps[70]: Tick = 2450 / 3500 [70.00%]...
Nov 20 22:41:37 demps-production demps[70]: Tick = 2460 / 3500 [70.29%]...
Nov 20 22:41:37 demps-production demps[70]: Tick = 2470 / 3500 [70.57%]...
Nov 20 22:41:38 demps-production demps[70]: Tick = 2480 / 3500 [70.86%]...
Nov 20 22:41:38 demps-production demps[70]: Tick = 2490 / 3500 [71.14%]...
Nov 20 22:41:38 demps-production demps[70]: Tick = 2500 / 3500 [71.43%]...
Nov 20 22:41:38 demps-production demps[70]: Tick = 2510 / 3500 [71.71%]...
Nov 20 22:41:38 demps-production demps[70]: Tick = 2520 / 3500 [72.00%]...
Nov 20 22:41:38 demps-production demps[70]: Tick = 2530 / 3500 [72.29%]...
Nov 20 22:41:38 demps-production demps[70]: Tick = 2540 / 3500 [72.57%]...
Nov 20 22:41:39 demps-production demps[70]: Tick = 2550 / 3500 [72.86%]...
Nov 20 22:41:39 demps-production demps[70]: Tick = 2560 / 3500 [73.14%]...
Nov 20 22:41:39 demps-production demps[70]: Tick = 2570 / 3500 [73.43%]...
Nov 20 22:41:39 demps-production demps[70]: Tick = 2580 / 3500 [73.71%]...
Nov 20 22:41:39 demps-production demps[70]: Tick = 2590 / 3500 [74.00%]...
Nov 20 22:41:39 demps-production demps[70]: Tick = 2600 / 3500 [74.29%]...
Nov 20 22:41:39 demps-production demps[70]: Tick = 2610 / 3500 [74.57%]...
Nov 20 22:41:39 demps-production demps[70]: Tick = 2620 / 3500 [74.86%]...
Nov 20 22:41:40 demps-production demps[70]: Tick = 2630 / 3500 [75.14%]...
Nov 20 22:41:40 demps-production demps[70]: Tick = 2640 / 3500 [75.43%]...
Nov 20 22:41:40 demps-production demps[70]: Tick = 2650 / 3500 [75.71%]...
Nov 20 22:41:40 demps-production demps[70]: Tick = 2660 / 3500 [76.00%]...
Nov 20 22:41:40 demps-production demps[70]: Tick = 2670 / 3500 [76.29%]...
Nov 20 22:41:40 demps-production demps[70]: Tick = 2680 / 3500 [76.57%]...
Nov 20 22:41:40 demps-production demps[70]: Tick = 2690 / 3500 [76.86%]...
Nov 20 22:41:40 demps-production demps[70]: Tick = 2700 / 3500 [77.14%]...
Nov 20 22:41:40 demps-production demps[70]: Tick = 2710 / 3500 [77.43%]...
Nov 20 22:41:41 demps-production demps[70]: Tick = 2720 / 3500 [77.71%]...
Nov 20 22:41:41 demps-production demps[70]: Tick = 2730 / 3500 [78.00%]...
Nov 20 22:41:41 demps-production demps[70]: Tick = 2740 / 3500 [78.29%]...
Nov 20 22:41:41 demps-production demps[70]: Tick = 2750 / 3500 [78.57%]...
Nov 20 22:41:41 demps-production demps[70]: Tick = 2760 / 3500 [78.86%]...
Nov 20 22:41:41 demps-production demps[70]: Tick = 2770 / 3500 [79.14%]...
Nov 20 22:41:41 demps-production demps[70]: Tick = 2780 / 3500 [79.43%]...
Nov 20 22:41:42 demps-production demps[70]: Tick = 2790 / 3500 [79.71%]...
Nov 20 22:41:42 demps-production demps[70]: Tick = 2800 / 3500 [80.00%]...
Nov 20 22:41:42 demps-production demps[70]: Tick = 2810 / 3500 [80.29%]...
Nov 20 22:41:42 demps-production demps[70]: Tick = 2820 / 3500 [80.57%]...
Nov 20 22:41:42 demps-production demps[70]: Tick = 2830 / 3500 [80.86%]...
Nov 20 22:41:42 demps-production demps[70]: Tick = 2840 / 3500 [81.14%]...
Nov 20 22:41:42 demps-production demps[70]: Tick = 2850 / 3500 [81.43%]...
Nov 20 22:41:42 demps-production demps[70]: Tick = 2860 / 3500 [81.71%]...
Nov 20 22:41:43 demps-production demps[70]: Tick = 2870 / 3500 [82.00%]...
Nov 20 22:41:43 demps-production demps[70]: Tick = 2880 / 3500 [82.29%]...
Nov 20 22:41:43 demps-production demps[70]: Tick = 2890 / 3500 [82.57%]...
Nov 20 22:41:43 demps-production demps[70]: Tick = 2900 / 3500 [82.86%]...
Nov 20 22:41:43 demps-production demps[70]: Tick = 2910 / 3500 [83.14%]...
Nov 20 22:41:43 demps-production demps[70]: Tick = 2920 / 3500 [83.43%]...
Nov 20 22:41:43 demps-production demps[70]: Tick = 2930 / 3500 [83.71%]...
Nov 20 22:41:44 demps-production demps[70]: Tick = 2940 / 3500 [84.00%]...
Nov 20 22:41:44 demps-production demps[70]: Tick = 2950 / 3500 [84.29%]...
Nov 20 22:41:44 demps-production demps[70]: Tick = 2960 / 3500 [84.57%]...
Nov 20 22:41:44 demps-production demps[70]: Tick = 2970 / 3500 [84.86%]...
Nov 20 22:41:44 demps-production demps[70]: Tick = 2980 / 3500 [85.14%]...
Nov 20 22:41:44 demps-production demps[70]: Tick = 2990 / 3500 [85.43%]...
Nov 20 22:41:44 demps-production demps[70]: Tick = 3000 / 3500 [85.71%]...
Nov 20 22:41:44 demps-production demps[70]: Tick = 3010 / 3500 [86.00%]...
Nov 20 22:41:45 demps-production demps[70]: Tick = 3020 / 3500 [86.29%]...
Nov 20 22:41:45 demps-production demps[70]: Tick = 3030 / 3500 [86.57%]...
Nov 20 22:41:45 demps-production demps[70]: Tick = 3040 / 3500 [86.86%]...
Nov 20 22:41:45 demps-production demps[70]: Tick = 3050 / 3500 [87.14%]...
Nov 20 22:41:45 demps-production demps[70]: Tick = 3060 / 3500 [87.43%]...
Nov 20 22:41:45 demps-production demps[70]: Tick = 3070 / 3500 [87.71%]...
Nov 20 22:41:45 demps-production demps[70]: Tick = 3080 / 3500 [88.00%]...
Nov 20 22:41:45 demps-production demps[70]: Tick = 3090 / 3500 [88.29%]...
Nov 20 22:41:46 demps-production demps[70]: Tick = 3100 / 3500 [88.57%]...
Nov 20 22:41:46 demps-production demps[70]: Tick = 3110 / 3500 [88.86%]...
Nov 20 22:41:46 demps-production demps[70]: Tick = 3120 / 3500 [89.14%]...
Nov 20 22:41:46 demps-production demps[70]: Tick = 3130 / 3500 [89.43%]...
Nov 20 22:41:46 demps-production demps[70]: Tick = 3140 / 3500 [89.71%]...
Nov 20 22:41:46 demps-production demps[70]: Tick = 3150 / 3500 [90.00%]...
Nov 20 22:41:46 demps-production demps[70]: Tick = 3160 / 3500 [90.29%]...
Nov 20 22:41:46 demps-production demps[70]: Tick = 3170 / 3500 [90.57%]...
Nov 20 22:41:47 demps-production demps[70]: Tick = 3180 / 3500 [90.86%]...
Nov 20 22:41:47 demps-production demps[70]: Tick = 3190 / 3500 [91.14%]...
Nov 20 22:41:47 demps-production demps[70]: Tick = 3200 / 3500 [91.43%]...
Nov 20 22:41:47 demps-production demps[70]: Tick = 3210 / 3500 [91.71%]...
Nov 20 22:41:47 demps-production demps[70]: Tick = 3220 / 3500 [92.00%]...
Nov 20 22:41:47 demps-production demps[70]: Tick = 3230 / 3500 [92.29%]...
Nov 20 22:41:47 demps-production demps[70]: Tick = 3240 / 3500 [92.57%]...
Nov 20 22:41:48 demps-production demps[70]: Tick = 3250 / 3500 [92.86%]...
Nov 20 22:41:48 demps-production demps[70]: Tick = 3260 / 3500 [93.14%]...
Nov 20 22:41:48 demps-production demps[70]: Tick = 3270 / 3500 [93.43%]...
Nov 20 22:41:48 demps-production demps[70]: Tick = 3280 / 3500 [93.71%]...
Nov 20 22:41:48 demps-production demps[70]: Tick = 3290 / 3500 [94.00%]...
Nov 20 22:41:48 demps-production demps[70]: Tick = 3300 / 3500 [94.29%]...
Nov 20 22:41:48 demps-production demps[70]: Tick = 3310 / 3500 [94.57%]...
Nov 20 22:41:48 demps-production demps[70]: Tick = 3320 / 3500 [94.86%]...
Nov 20 22:41:49 demps-production demps[70]: Tick = 3330 / 3500 [95.14%]...
Nov 20 22:41:49 demps-production demps[70]: Tick = 3340 / 3500 [95.43%]...
Nov 20 22:41:49 demps-production demps[70]: Tick = 3350 / 3500 [95.71%]...
Nov 20 22:41:49 demps-production demps[70]: Tick = 3360 / 3500 [96.00%]...
Nov 20 22:41:49 demps-production demps[70]: Tick = 3370 / 3500 [96.29%]...
Nov 20 22:41:49 demps-production demps[70]: Tick = 3380 / 3500 [96.57%]...
Nov 20 22:41:49 demps-production demps[70]: Tick = 3390 / 3500 [96.86%]...
Nov 20 22:41:49 demps-production demps[70]: Tick = 3400 / 3500 [97.14%]...
Nov 20 22:41:50 demps-production demps[70]: Tick = 3410 / 3500 [97.43%]...
Nov 20 22:41:50 demps-production demps[70]: Tick = 3420 / 3500 [97.71%]...
Nov 20 22:41:50 demps-production demps[70]: Tick = 3430 / 3500 [98.00%]...
Nov 20 22:41:50 demps-production demps[70]: Tick = 3440 / 3500 [98.29%]...
Nov 20 22:41:50 demps-production demps[70]: Tick = 3450 / 3500 [98.57%]...
Nov 20 22:41:50 demps-production demps[70]: Tick = 3460 / 3500 [98.86%]...
Nov 20 22:41:50 demps-production demps[70]: Tick = 3470 / 3500 [99.14%]...
Nov 20 22:41:50 demps-production demps[70]: Tick = 3480 / 3500 [99.43%]...
Nov 20 22:41:51 demps-production demps[70]: Tick = 3490 / 3500 [99.71%]...
Nov 20 22:41:51 demps-production demps[70]: Tick = 3500 / 3500 [100.00%]
Nov 20 22:41:51 demps-production demps[70]: 
Nov 20 22:41:51 demps-production demps[70]: Waiting watchDog to end
Nov 20 22:42:48 demps-production demps[70]: ciclo terminado
Nov 20 22:42:50 demps-production demps[70]: Deleted /sim/output/valdivia-test/demps.pid file.

Nov 20 22:42:50 demps-production demps[70]: UUID sim                 : 2c71034a-5e4e-431f-bff1-37c8d89aaa32
Simulation descriptiom   : 
Elapsed real sim. time   : 42121
Elapsed aprox. sim. time : null
